<?xml version="1.0" encoding="UTF-8"?>
<!-- Generated by org.testng.reporters.JUnitReportReporter -->
<testsuite skipped="0" hostname="DESKTOP-VKC3MTH" name="com.newtours.test.test1" tests="1" failures="0" timestamp="14 Oct 2019 14:42:22 GMT" time="13.770" errors="0">
  <testcase name="testSelenium" time="13.770" classname="com.newtours.test.test1"/>
</testsuite> <!-- com.newtours.test.test1 -->
